2025-05-25 03:22:41 : <!DOCTYPE html>
<html xmlns="http://www.w3.org/1999/xhtml">
<head>
    <title></title>
</head>
<body>
	<div style="margin-left:16px;">
		<h1>SkyLite Framework</h1> 
		<h2>BadRequest / RequestTimeout</h2>
		<div style="margin-top:30px;">
			<h4>Resource:&nbsp;home - Exception has been thrown by the target of an invocation.<br><h4>Type 'Home+SkyMember' cannot be serialized. Consider marking it with the DataContractAttribute attribute, and marking all of its members you want serialized with the DataMemberAttribute attribute.  If the type is a collection, consider marking it with the CollectionDataContractAttribute.  See the Microsoft .NET Framework documentation for other supported types.</h4></h4>
		</div>
    </div>
</body>
</html>

2025-05-25 03:23:07 : <!DOCTYPE html>
<html xmlns="http://www.w3.org/1999/xhtml">
<head>
    <title></title>
</head>
<body>
	<div style="margin-left:16px;">
		<h1>SkyLite Framework</h1> 
		<h2>BadRequest / RequestTimeout</h2>
		<div style="margin-top:30px;">
			<h4>Resource:&nbsp;home - Exception has been thrown by the target of an invocation.<br><h4>The data contract type 'Home+SkyMember' cannot be deserialized because the required data members '_AppName, _Authority, _Expired, _RegNo, _TranId' were not found.</h4></h4>
		</div>
    </div>
</body>
</html>

2025-05-25 03:24:08 : <!DOCTYPE html>
<html xmlns="http://www.w3.org/1999/xhtml">
<head>
    <title></title>
</head>
<body>
	<div style="margin-left:16px;">
		<h1>SkyLite Framework</h1> 
		<h2>BadRequest / RequestTimeout</h2>
		<div style="margin-top:30px;">
			<h4>Resource:&nbsp;home - Exception has been thrown by the target of an invocation.<br><h4>The data contract type 'Home+SkyMember' cannot be deserialized because the required data members '_AppName, _Authority, _Expired, _RegNo, _TranId' were not found.</h4></h4>
		</div>
    </div>
</body>
</html>

